<?xml version="1.0" encoding="UTF-8"?>
<testsuite xmlns:xsi="http://www.w3.org/2001/XMLSchema-instance" xsi:noNamespaceSchemaLocation="https://maven.apache.org/surefire/maven-surefire-plugin/xsd/surefire-test-report-3.0.xsd" version="3.0" name="ro.veltanmarius.mkcustomer.MarketingCustomerApplicationTests" time="2.742" tests="6" errors="0" skipped="0" failures="0">
  <properties>
[...]
</properties>
  <testcase name="getCustomerById" classname="ro.veltanmarius.mkcustomer.MarketingCustomerApplicationTests" time="0.441">
    <system-out><![CDATA[2024-01-03T23:52:21.802+02:00  INFO 45964 --- [           main] t.c.s.AnnotationConfigContextLoaderUtils : Could not detect default configuration classes for test class [ro.veltanmarius.mkcustomer.MarketingCustomerApplicationTests]: MarketingCustomerApplicationTests does not declare any static, non-private, non-final, nested classes annotated with @Configuration.
2024-01-03T23:52:21.805+02:00  INFO 45964 --- [           main] .b.t.c.SpringBootTestContextBootstrapper : Found @SpringBootConfiguration ro.veltanmarius.mkcustomer.MarketingCustomerApplication for test class ro.veltanmarius.mkcustomer.MarketingCustomerApplicationTests

  .   ____          _            __ _ _
 /\\ / ___'_ __ _ _(_)_ __  __ _ \ \ \ \
( ( )\___ | '_ | '_| | '_ \/ _` | \ \ \ \
 \\/  ___)| |_)| | | | | || (_| |  ) ) ) )
  '  |____| .__|_| |_|_| |_\__, | / / / /
 =========|_|==============|___/=/_/_/_/
 :: Spring Boot ::                (v3.1.7)

2024-01-03T23:52:21.855+02:00  INFO 45964 --- [           main] r.v.m.MarketingCustomerApplicationTests  : Starting MarketingCustomerApplicationTests using Java 17.0.2 with PID 45964 (started by veltanm in /Users/veltanm/_Dev/github/marketing-customer)
2024-01-03T23:52:21.855+02:00 DEBUG 45964 --- [           main] r.v.m.MarketingCustomerApplicationTests  : Running with Spring Boot v3.1.7, Spring v6.0.15
2024-01-03T23:52:21.856+02:00  INFO 45964 --- [           main] r.v.m.MarketingCustomerApplicationTests  : No active profile set, falling back to 1 default profile: "default"
2024-01-03T23:52:22.257+02:00  INFO 45964 --- [           main] .s.d.r.c.RepositoryConfigurationDelegate : Bootstrapping Spring Data JPA repositories in DEFAULT mode.
2024-01-03T23:52:22.264+02:00  INFO 45964 --- [           main] .s.d.r.c.RepositoryConfigurationDelegate : Finished Spring Data repository scanning in 7 ms. Found 1 JPA repository interface.
2024-01-03T23:52:22.795+02:00  INFO 45964 --- [           main] com.zaxxer.hikari.HikariDataSource       : HikariPool-2 - Starting...
2024-01-03T23:52:22.798+02:00  INFO 45964 --- [           main] com.zaxxer.hikari.pool.HikariPool        : HikariPool-2 - Added connection conn10: url=jdbc:h2:mem:d727a03d-bcee-4e0f-9838-a61491257b78 user=SA
2024-01-03T23:52:22.798+02:00  INFO 45964 --- [           main] com.zaxxer.hikari.HikariDataSource       : HikariPool-2 - Start completed.
2024-01-03T23:52:22.800+02:00  INFO 45964 --- [           main] o.hibernate.jpa.internal.util.LogHelper  : HHH000204: Processing PersistenceUnitInfo [name: default]
2024-01-03T23:52:22.808+02:00  INFO 45964 --- [           main] o.s.o.j.p.SpringPersistenceUnitInfo      : No LoadTimeWeaver setup: ignoring JPA class transformer
2024-01-03T23:52:22.872+02:00  INFO 45964 --- [           main] o.h.e.t.j.p.i.JtaPlatformInitiator       : HHH000489: No JTA platform available (set 'hibernate.transaction.jta.platform' to enable JTA platform integration)
2024-01-03T23:52:22.875+02:00  INFO 45964 --- [           main] j.LocalContainerEntityManagerFactoryBean : Initialized JPA EntityManagerFactory for persistence unit 'default'
2024-01-03T23:52:23.379+02:00  INFO 45964 --- [           main] o.s.b.a.e.web.EndpointLinksResolver      : Exposing 1 endpoint(s) beneath base path '/actuator'
2024-01-03T23:52:23.902+02:00  INFO 45964 --- [           main] o.s.b.web.embedded.netty.NettyWebServer  : Netty started on port 59959
2024-01-03T23:52:23.915+02:00  INFO 45964 --- [           main] r.v.m.MarketingCustomerApplicationTests  : Started MarketingCustomerApplicationTests in 2.103 seconds (process running for 6.241)
2024-01-03T23:52:24.300+02:00 DEBUG 45964 --- [ctor-http-nio-4] r.v.m.controller.CustomerController      : Will call getCustomerEntity for customer with ID: 1
2024-01-03T23:52:24.301+02:00 DEBUG 45964 --- [ctor-http-nio-4] r.v.m.controller.CustomerController      : getCustomer: lookup a customer for customerId: 1
]]></system-out>
  </testcase>
  <testcase name="getCustomerInvalidInput" classname="ro.veltanmarius.mkcustomer.MarketingCustomerApplicationTests" time="0.023">
    <system-out><![CDATA[2024-01-03T23:52:24.412+02:00 DEBUG 45964 --- [ctor-http-nio-4] r.v.m.controller.CustomerController      : Will call getCustomerEntity for customer with ID: 3
2024-01-03T23:52:24.412+02:00 DEBUG 45964 --- [ctor-http-nio-4] r.v.m.controller.CustomerController      : getCustomer: lookup a customer for customerId: 3
2024-01-03T23:52:24.418+02:00 DEBUG 45964 --- [ctor-http-nio-4] r.v.m.u.GlobalControllerExceptionHandler : Returning HTTP status: 422 UNPROCESSABLE_ENTITY for path: /marketing/customers/3, message: INVALID: 3
]]></system-out>
  </testcase>
  <testcase name="getCustomerNotFound" classname="ro.veltanmarius.mkcustomer.MarketingCustomerApplicationTests" time="0.013">
    <system-out><![CDATA[2024-01-03T23:52:24.436+02:00 DEBUG 45964 --- [ctor-http-nio-4] r.v.m.controller.CustomerController      : Will call getCustomerEntity for customer with ID: 2
2024-01-03T23:52:24.436+02:00 DEBUG 45964 --- [ctor-http-nio-4] r.v.m.controller.CustomerController      : getCustomer: lookup a customer for customerId: 2
2024-01-03T23:52:24.437+02:00 DEBUG 45964 --- [ctor-http-nio-4] r.v.m.u.GlobalControllerExceptionHandler : Returning HTTP status: 404 NOT_FOUND for path: /marketing/customers/2, message: NOT FOUND: 2
]]></system-out>
  </testcase>
  <testcase name="createCustomer1" classname="ro.veltanmarius.mkcustomer.MarketingCustomerApplicationTests" time="0.077">
    <system-out><![CDATA[2024-01-03T23:52:24.516+02:00 DEBUG 45964 --- [ctor-http-nio-4] r.v.m.controller.CustomerController      : createCustomer: creates a new customer entity for fn ln
2024-01-03T23:52:24.516+02:00 DEBUG 45964 --- [ctor-http-nio-4] r.v.m.controller.CustomerController      : createCustomer: customer entity was created, ID: 1
]]></system-out>
  </testcase>
  <testcase name="createCustomer2" classname="ro.veltanmarius.mkcustomer.MarketingCustomerApplicationTests" time="0.011">
    <system-out><![CDATA[2024-01-03T23:52:24.529+02:00 DEBUG 45964 --- [ctor-http-nio-4] r.v.m.controller.CustomerController      : createCustomer: creates a new customer entity for fn ln
2024-01-03T23:52:24.530+02:00 DEBUG 45964 --- [ctor-http-nio-4] r.v.m.controller.CustomerController      : createCustomer: customer entity was created, ID: 2
]]></system-out>
  </testcase>
  <testcase name="contextLoads" classname="ro.veltanmarius.mkcustomer.MarketingCustomerApplicationTests" time="0.005"/>
</testsuite>