<?xml version="1.0" encoding="UTF-8"?>
<testsuite xmlns:xsi="http://www.w3.org/2001/XMLSchema-instance" xsi:noNamespaceSchemaLocation="https://maven.apache.org/surefire/maven-surefire-plugin/xsd/surefire-test-report-3.0.xsd" version="3.0" name="ro.veltanmarius.mkcustomer.MarketingCustomerPersistenceTests" time="3.71" tests="7" errors="0" skipped="0" failures="0">
  <properties>
[...]
</properties>
  <testcase name="optimisticLockError" classname="ro.veltanmarius.mkcustomer.MarketingCustomerPersistenceTests" time="0.604">
    <system-out><![CDATA[2024-01-03T23:52:18.287+02:00  INFO   --- [           main] t.c.s.AnnotationConfigContextLoaderUtils : Could not detect default configuration classes for test class [ro.veltanmarius.mkcustomer.MarketingCustomerPersistenceTests]: MarketingCustomerPersistenceTests does not declare any static, non-private, non-final, nested classes annotated with @Configuration.
2024-01-03T23:52:18.371+02:00  INFO   --- [           main] .b.t.c.SpringBootTestContextBootstrapper : Found @SpringBootConfiguration ro.veltanmarius.mkcustomer.MarketingCustomerApplication for test class ro.veltanmarius.mkcustomer.MarketingCustomerPersistenceTests

  .   ____          _            __ _ _
 /\\ / ___'_ __ _ _(_)_ __  __ _ \ \ \ \
( ( )\___ | '_ | '_| | '_ \/ _` | \ \ \ \
 \\/  ___)| |_)| | | | | || (_| |  ) ) ) )
  '  |____| .__|_| |_|_| |_\__, | / / / /
 =========|_|==============|___/=/_/_/_/
 :: Spring Boot ::                (v3.1.7)

2024-01-03T23:52:18.672+02:00  INFO 45964 --- [           main] r.v.m.MarketingCustomerPersistenceTests  : Starting MarketingCustomerPersistenceTests using Java 17.0.2 with PID 45964 (started by veltanm in /Users/veltanm/_Dev/github/marketing-customer)
2024-01-03T23:52:18.672+02:00 DEBUG 45964 --- [           main] r.v.m.MarketingCustomerPersistenceTests  : Running with Spring Boot v3.1.7, Spring v6.0.15
2024-01-03T23:52:18.673+02:00  INFO 45964 --- [           main] r.v.m.MarketingCustomerPersistenceTests  : No active profile set, falling back to 1 default profile: "default"
2024-01-03T23:52:18.977+02:00  INFO 45964 --- [           main] .s.d.r.c.RepositoryConfigurationDelegate : Bootstrapping Spring Data JPA repositories in DEFAULT mode.
2024-01-03T23:52:19.117+02:00  INFO 45964 --- [           main] .s.d.r.c.RepositoryConfigurationDelegate : Finished Spring Data repository scanning in 133 ms. Found 1 JPA repository interface.
2024-01-03T23:52:19.372+02:00  INFO 45964 --- [           main] com.zaxxer.hikari.HikariDataSource       : HikariPool-1 - Starting...
2024-01-03T23:52:19.521+02:00  INFO 45964 --- [           main] com.zaxxer.hikari.pool.HikariPool        : HikariPool-1 - Added connection conn0: url=jdbc:h2:mem:7d1ed084-f298-4f5e-838b-3311cb506972 user=SA
2024-01-03T23:52:19.523+02:00  INFO 45964 --- [           main] com.zaxxer.hikari.HikariDataSource       : HikariPool-1 - Start completed.
2024-01-03T23:52:19.564+02:00  INFO 45964 --- [           main] o.hibernate.jpa.internal.util.LogHelper  : HHH000204: Processing PersistenceUnitInfo [name: default]
2024-01-03T23:52:19.621+02:00  INFO 45964 --- [           main] org.hibernate.Version                    : HHH000412: Hibernate ORM core version 6.2.17.Final
2024-01-03T23:52:19.624+02:00  INFO 45964 --- [           main] org.hibernate.cfg.Environment            : HHH000406: Using bytecode reflection optimizer
2024-01-03T23:52:19.836+02:00  INFO 45964 --- [           main] o.s.o.j.p.SpringPersistenceUnitInfo      : No LoadTimeWeaver setup: ignoring JPA class transformer
2024-01-03T23:52:20.581+02:00  INFO 45964 --- [           main] o.h.e.t.j.p.i.JtaPlatformInitiator       : HHH000489: No JTA platform available (set 'hibernate.transaction.jta.platform' to enable JTA platform integration)
Hibernate: drop table if exists customer cascade 
Hibernate: drop sequence if exists customer_seq
Hibernate: create sequence customer_seq start with 1 increment by 50
Hibernate: create table customer (age integer, id integer not null, version integer, created_on timestamp(6) with time zone, last_updated_on timestamp(6) with time zone, city varchar(255), country varchar(255), created_by varchar(255), email varchar(255), first_name varchar(255) not null, last_name varchar(255) not null, number varchar(255), street varchar(255), updated_by varchar(255), zip_code varchar(255), primary key (id))
2024-01-03T23:52:20.610+02:00  INFO 45964 --- [           main] j.LocalContainerEntityManagerFactoryBean : Initialized JPA EntityManagerFactory for persistence unit 'default'
2024-01-03T23:52:20.908+02:00  INFO 45964 --- [           main] r.v.m.MarketingCustomerPersistenceTests  : Started MarketingCustomerPersistenceTests in 2.493 seconds (process running for 3.235)
Hibernate: select c1_0.id,c1_0.age,c1_0.city,c1_0.country,c1_0.created_by,c1_0.created_on,c1_0.email,c1_0.first_name,c1_0.last_name,c1_0.last_updated_on,c1_0.number,c1_0.street,c1_0.updated_by,c1_0.version,c1_0.zip_code from customer c1_0
Hibernate: select c1_0.id,c1_0.age,c1_0.city,c1_0.country,c1_0.created_by,c1_0.created_on,c1_0.email,c1_0.first_name,c1_0.last_name,c1_0.last_updated_on,c1_0.number,c1_0.street,c1_0.updated_by,c1_0.version,c1_0.zip_code from customer c1_0 where c1_0.id=?
Hibernate: select next value for customer_seq
Hibernate: insert into customer (age,city,country,created_by,created_on,email,first_name,last_name,last_updated_on,number,street,updated_by,version,zip_code,id) values (?,?,?,?,?,?,?,?,?,?,?,?,?,?,?)
Hibernate: select c1_0.id,c1_0.age,c1_0.city,c1_0.country,c1_0.created_by,c1_0.created_on,c1_0.email,c1_0.first_name,c1_0.last_name,c1_0.last_updated_on,c1_0.number,c1_0.street,c1_0.updated_by,c1_0.version,c1_0.zip_code from customer c1_0 where c1_0.id=?
Hibernate: select c1_0.id,c1_0.age,c1_0.city,c1_0.country,c1_0.created_by,c1_0.created_on,c1_0.email,c1_0.first_name,c1_0.last_name,c1_0.last_updated_on,c1_0.number,c1_0.street,c1_0.updated_by,c1_0.version,c1_0.zip_code from customer c1_0 where c1_0.id=?
Hibernate: select c1_0.id,c1_0.age,c1_0.city,c1_0.country,c1_0.created_by,c1_0.created_on,c1_0.email,c1_0.first_name,c1_0.last_name,c1_0.last_updated_on,c1_0.number,c1_0.street,c1_0.updated_by,c1_0.version,c1_0.zip_code from customer c1_0 where c1_0.id=?
Hibernate: update customer set age=?,city=?,country=?,created_by=?,created_on=?,email=?,first_name=?,last_name=?,last_updated_on=?,number=?,street=?,updated_by=?,version=?,zip_code=? where id=? and version=?
Hibernate: select c1_0.id,c1_0.age,c1_0.city,c1_0.country,c1_0.created_by,c1_0.created_on,c1_0.email,c1_0.first_name,c1_0.last_name,c1_0.last_updated_on,c1_0.number,c1_0.street,c1_0.updated_by,c1_0.version,c1_0.zip_code from customer c1_0 where c1_0.id=?
Hibernate: select c1_0.id,c1_0.age,c1_0.city,c1_0.country,c1_0.created_by,c1_0.created_on,c1_0.email,c1_0.first_name,c1_0.last_name,c1_0.last_updated_on,c1_0.number,c1_0.street,c1_0.updated_by,c1_0.version,c1_0.zip_code from customer c1_0 where c1_0.id=?
]]></system-out>
  </testcase>
  <testcase name="getCustomerOnlyByLastName" classname="ro.veltanmarius.mkcustomer.MarketingCustomerPersistenceTests" time="0.064">
    <system-out><![CDATA[Hibernate: select c1_0.id,c1_0.age,c1_0.city,c1_0.country,c1_0.created_by,c1_0.created_on,c1_0.email,c1_0.first_name,c1_0.last_name,c1_0.last_updated_on,c1_0.number,c1_0.street,c1_0.updated_by,c1_0.version,c1_0.zip_code from customer c1_0
Hibernate: delete from customer where id=? and version=?
Hibernate: select c1_0.id,c1_0.age,c1_0.city,c1_0.country,c1_0.created_by,c1_0.created_on,c1_0.email,c1_0.first_name,c1_0.last_name,c1_0.last_updated_on,c1_0.number,c1_0.street,c1_0.updated_by,c1_0.version,c1_0.zip_code from customer c1_0 where c1_0.id=?
Hibernate: select next value for customer_seq
Hibernate: insert into customer (age,city,country,created_by,created_on,email,first_name,last_name,last_updated_on,number,street,updated_by,version,zip_code,id) values (?,?,?,?,?,?,?,?,?,?,?,?,?,?,?)
Hibernate: select c1_0.id,c1_0.age,c1_0.city,c1_0.country,c1_0.created_by,c1_0.created_on,c1_0.email,c1_0.first_name,c1_0.last_name,c1_0.last_updated_on,c1_0.number,c1_0.street,c1_0.updated_by,c1_0.version,c1_0.zip_code from customer c1_0 where c1_0.first_name=? or c1_0.last_name=?
]]></system-out>
  </testcase>
  <testcase name="create" classname="ro.veltanmarius.mkcustomer.MarketingCustomerPersistenceTests" time="0.17">
    <system-out><![CDATA[Hibernate: select c1_0.id,c1_0.age,c1_0.city,c1_0.country,c1_0.created_by,c1_0.created_on,c1_0.email,c1_0.first_name,c1_0.last_name,c1_0.last_updated_on,c1_0.number,c1_0.street,c1_0.updated_by,c1_0.version,c1_0.zip_code from customer c1_0
Hibernate: delete from customer where id=? and version=?
Hibernate: select c1_0.id,c1_0.age,c1_0.city,c1_0.country,c1_0.created_by,c1_0.created_on,c1_0.email,c1_0.first_name,c1_0.last_name,c1_0.last_updated_on,c1_0.number,c1_0.street,c1_0.updated_by,c1_0.version,c1_0.zip_code from customer c1_0 where c1_0.id=?
Hibernate: insert into customer (age,city,country,created_by,created_on,email,first_name,last_name,last_updated_on,number,street,updated_by,version,zip_code,id) values (?,?,?,?,?,?,?,?,?,?,?,?,?,?,?)
Hibernate: select c1_0.id,c1_0.age,c1_0.city,c1_0.country,c1_0.created_by,c1_0.created_on,c1_0.email,c1_0.first_name,c1_0.last_name,c1_0.last_updated_on,c1_0.number,c1_0.street,c1_0.updated_by,c1_0.version,c1_0.zip_code from customer c1_0 where c1_0.id=?
Hibernate: insert into customer (age,city,country,created_by,created_on,email,first_name,last_name,last_updated_on,number,street,updated_by,version,zip_code,id) values (?,?,?,?,?,?,?,?,?,?,?,?,?,?,?)
Hibernate: select c1_0.id,c1_0.age,c1_0.city,c1_0.country,c1_0.created_by,c1_0.created_on,c1_0.email,c1_0.first_name,c1_0.last_name,c1_0.last_updated_on,c1_0.number,c1_0.street,c1_0.updated_by,c1_0.version,c1_0.zip_code from customer c1_0 where c1_0.id=?
Hibernate: select count(*) from customer c1_0
]]></system-out>
  </testcase>
  <testcase name="getByCustomerId" classname="ro.veltanmarius.mkcustomer.MarketingCustomerPersistenceTests" time="0.008">
    <system-out><![CDATA[Hibernate: select c1_0.id,c1_0.age,c1_0.city,c1_0.country,c1_0.created_by,c1_0.created_on,c1_0.email,c1_0.first_name,c1_0.last_name,c1_0.last_updated_on,c1_0.number,c1_0.street,c1_0.updated_by,c1_0.version,c1_0.zip_code from customer c1_0
Hibernate: delete from customer where id=? and version=?
Hibernate: delete from customer where id=? and version=?
Hibernate: select c1_0.id,c1_0.age,c1_0.city,c1_0.country,c1_0.created_by,c1_0.created_on,c1_0.email,c1_0.first_name,c1_0.last_name,c1_0.last_updated_on,c1_0.number,c1_0.street,c1_0.updated_by,c1_0.version,c1_0.zip_code from customer c1_0 where c1_0.id=?
Hibernate: insert into customer (age,city,country,created_by,created_on,email,first_name,last_name,last_updated_on,number,street,updated_by,version,zip_code,id) values (?,?,?,?,?,?,?,?,?,?,?,?,?,?,?)
Hibernate: select c1_0.id,c1_0.age,c1_0.city,c1_0.country,c1_0.created_by,c1_0.created_on,c1_0.email,c1_0.first_name,c1_0.last_name,c1_0.last_updated_on,c1_0.number,c1_0.street,c1_0.updated_by,c1_0.version,c1_0.zip_code from customer c1_0 where c1_0.id=?
]]></system-out>
  </testcase>
  <testcase name="update" classname="ro.veltanmarius.mkcustomer.MarketingCustomerPersistenceTests" time="0.008">
    <system-out><![CDATA[Hibernate: select c1_0.id,c1_0.age,c1_0.city,c1_0.country,c1_0.created_by,c1_0.created_on,c1_0.email,c1_0.first_name,c1_0.last_name,c1_0.last_updated_on,c1_0.number,c1_0.street,c1_0.updated_by,c1_0.version,c1_0.zip_code from customer c1_0
Hibernate: delete from customer where id=? and version=?
Hibernate: select c1_0.id,c1_0.age,c1_0.city,c1_0.country,c1_0.created_by,c1_0.created_on,c1_0.email,c1_0.first_name,c1_0.last_name,c1_0.last_updated_on,c1_0.number,c1_0.street,c1_0.updated_by,c1_0.version,c1_0.zip_code from customer c1_0 where c1_0.id=?
Hibernate: insert into customer (age,city,country,created_by,created_on,email,first_name,last_name,last_updated_on,number,street,updated_by,version,zip_code,id) values (?,?,?,?,?,?,?,?,?,?,?,?,?,?,?)
Hibernate: select c1_0.id,c1_0.age,c1_0.city,c1_0.country,c1_0.created_by,c1_0.created_on,c1_0.email,c1_0.first_name,c1_0.last_name,c1_0.last_updated_on,c1_0.number,c1_0.street,c1_0.updated_by,c1_0.version,c1_0.zip_code from customer c1_0 where c1_0.id=?
Hibernate: update customer set age=?,city=?,country=?,created_by=?,created_on=?,email=?,first_name=?,last_name=?,last_updated_on=?,number=?,street=?,updated_by=?,version=?,zip_code=? where id=? and version=?
Hibernate: select c1_0.id,c1_0.age,c1_0.city,c1_0.country,c1_0.created_by,c1_0.created_on,c1_0.email,c1_0.first_name,c1_0.last_name,c1_0.last_updated_on,c1_0.number,c1_0.street,c1_0.updated_by,c1_0.version,c1_0.zip_code from customer c1_0 where c1_0.id=?
]]></system-out>
  </testcase>
  <testcase name="getCustomerByFirstNameAndLastName" classname="ro.veltanmarius.mkcustomer.MarketingCustomerPersistenceTests" time="0.01">
    <system-out><![CDATA[Hibernate: select c1_0.id,c1_0.age,c1_0.city,c1_0.country,c1_0.created_by,c1_0.created_on,c1_0.email,c1_0.first_name,c1_0.last_name,c1_0.last_updated_on,c1_0.number,c1_0.street,c1_0.updated_by,c1_0.version,c1_0.zip_code from customer c1_0
Hibernate: delete from customer where id=? and version=?
Hibernate: select c1_0.id,c1_0.age,c1_0.city,c1_0.country,c1_0.created_by,c1_0.created_on,c1_0.email,c1_0.first_name,c1_0.last_name,c1_0.last_updated_on,c1_0.number,c1_0.street,c1_0.updated_by,c1_0.version,c1_0.zip_code from customer c1_0 where c1_0.id=?
Hibernate: insert into customer (age,city,country,created_by,created_on,email,first_name,last_name,last_updated_on,number,street,updated_by,version,zip_code,id) values (?,?,?,?,?,?,?,?,?,?,?,?,?,?,?)
Hibernate: select c1_0.id,c1_0.age,c1_0.city,c1_0.country,c1_0.created_by,c1_0.created_on,c1_0.email,c1_0.first_name,c1_0.last_name,c1_0.last_updated_on,c1_0.number,c1_0.street,c1_0.updated_by,c1_0.version,c1_0.zip_code from customer c1_0 where c1_0.first_name=? or c1_0.last_name=?
]]></system-out>
  </testcase>
  <testcase name="getCustomerOnlyByFirstName" classname="ro.veltanmarius.mkcustomer.MarketingCustomerPersistenceTests" time="0.007">
    <system-out><![CDATA[Hibernate: select c1_0.id,c1_0.age,c1_0.city,c1_0.country,c1_0.created_by,c1_0.created_on,c1_0.email,c1_0.first_name,c1_0.last_name,c1_0.last_updated_on,c1_0.number,c1_0.street,c1_0.updated_by,c1_0.version,c1_0.zip_code from customer c1_0
Hibernate: delete from customer where id=? and version=?
Hibernate: select c1_0.id,c1_0.age,c1_0.city,c1_0.country,c1_0.created_by,c1_0.created_on,c1_0.email,c1_0.first_name,c1_0.last_name,c1_0.last_updated_on,c1_0.number,c1_0.street,c1_0.updated_by,c1_0.version,c1_0.zip_code from customer c1_0 where c1_0.id=?
Hibernate: insert into customer (age,city,country,created_by,created_on,email,first_name,last_name,last_updated_on,number,street,updated_by,version,zip_code,id) values (?,?,?,?,?,?,?,?,?,?,?,?,?,?,?)
Hibernate: select c1_0.id,c1_0.age,c1_0.city,c1_0.country,c1_0.created_by,c1_0.created_on,c1_0.email,c1_0.first_name,c1_0.last_name,c1_0.last_updated_on,c1_0.number,c1_0.street,c1_0.updated_by,c1_0.version,c1_0.zip_code from customer c1_0 where c1_0.first_name=? or c1_0.last_name=?
]]></system-out>
  </testcase>
</testsuite>